E:\ENCRYPTION\ARCHIVEADDMD5126\ARCHIVE\DEBUG\ARCHIVE.EXE.EMBED.MANIFEST
E:\ENCRYPTION\ARCHIVEADDMD5126\ARCHIVE\DEBUG\ARCHIVE.EXE.EMBED.MANIFEST.RES
E:\ENCRYPTION\ARCHIVEADDMD5126\ARCHIVE\DEBUG\ARCHIVE.EXE.INTERMEDIATE.MANIFEST
E:\ENCRYPTION\ARCHIVEADDMD5126\ARCHIVE\DEBUG\ARCHIVE.OBJ
E:\ENCRYPTION\ARCHIVEADDMD5126\ARCHIVE\DEBUG\ARCHIVE.PCH
E:\ENCRYPTION\ARCHIVEADDMD5126\ARCHIVE\DEBUG\ARCHIVE.RES
E:\Encryption\ArchiveAddMD5126\Archive\Debug\Archive.write.1.tlog
E:\Encryption\ArchiveAddMD5126\Archive\Debug\Archive_manifest.rc
E:\ENCRYPTION\ARCHIVEADDMD5126\ARCHIVE\DEBUG\ARCHIVEDLG.OBJ
E:\ENCRYPTION\ARCHIVEADDMD5126\ARCHIVE\DEBUG\BWORD.OBJ
E:\Encryption\ArchiveAddMD5126\Archive\Debug\cl.command.1.tlog
E:\Encryption\ArchiveAddMD5126\Archive\Debug\CL.read.1.tlog
E:\Encryption\ArchiveAddMD5126\Archive\Debug\CL.write.1.tlog
E:\ENCRYPTION\ARCHIVEADDMD5126\ARCHIVE\DEBUG\DBTABLE.OBJ
E:\ENCRYPTION\ARCHIVEADDMD5126\ARCHIVE\DEBUG\ENCRYPT.OBJ
E:\ENCRYPTION\ARCHIVEADDMD5126\ARCHIVE\DEBUG\INTMYSQL.OBJ
E:\ENCRYPTION\ARCHIVEADDMD5126\ARCHIVE\DEBUG\KM.OBJ
E:\Encryption\ArchiveAddMD5126\Archive\Debug\link.command.1.tlog
E:\Encryption\ArchiveAddMD5126\Archive\Debug\link.read.1.tlog
E:\Encryption\ArchiveAddMD5126\Archive\Debug\link.write.1.tlog
E:\Encryption\ArchiveAddMD5126\Archive\Debug\link-cvtres.read.1.tlog
E:\Encryption\ArchiveAddMD5126\Archive\Debug\link-cvtres.write.1.tlog
E:\ENCRYPTION\ARCHIVEADDMD5126\ARCHIVE\DEBUG\LISTCTRLSORT.OBJ
E:\ENCRYPTION\ARCHIVEADDMD5126\ARCHIVE\DEBUG\LOGINDLG.OBJ
E:\Encryption\ArchiveAddMD5126\Archive\Debug\mt.command.1.tlog
E:\Encryption\ArchiveAddMD5126\Archive\Debug\mt.read.1.tlog
E:\Encryption\ArchiveAddMD5126\Archive\Debug\mt.write.1.tlog
E:\Encryption\ArchiveAddMD5126\Archive\Debug\rc.command.1.tlog
E:\Encryption\ArchiveAddMD5126\Archive\Debug\rc.read.1.tlog
E:\Encryption\ArchiveAddMD5126\Archive\Debug\rc.write.1.tlog
E:\ENCRYPTION\ARCHIVEADDMD5126\ARCHIVE\DEBUG\SM3.OBJ
E:\ENCRYPTION\ARCHIVEADDMD5126\ARCHIVE\DEBUG\STDAFX.OBJ
E:\Encryption\ArchiveAddMD5126\Archive\Debug\vc100.idb
E:\ENCRYPTION\ARCHIVEADDMD5126\ARCHIVE\DEBUG\VC100.PDB
E:\ENCRYPTION\ARCHIVEADDMD5126\ARCHIVE\DEBUG\VIEWDLG.OBJ
E:\ENCRYPTION\ARCHIVEADDMD5126\DEBUG\ARCHIVE.EXE
E:\ENCRYPTION\ARCHIVEADDMD5126\DEBUG\ARCHIVE.ILK
E:\ENCRYPTION\ARCHIVEADDMD5126\DEBUG\ARCHIVE.PDB
