生成启动时间为 2018/9/29 9:43:45。
     1>项目“E:\SecProGIS_SVN\项目成员\黄梦蝶\SecProGIS项目\SecProGIS-LibClient515\Archive\Archive.vcxproj”在节点 2 上(Build 个目标)。
     1>InitializeBuildStatus:
         正在创建“Debug\SecProGIS-LibClient.unsuccessfulbuild”，因为已指定“AlwaysCreate”。
       ClCompile:
         所有输出均为最新。
         E:\VS2012\Microsoft Visual Studio 11.0\VC\bin\CL.exe /c /I..\Archive\mysql\include /ZI /nologo /W3 /WX- /Od /Oy- /D WIN32 /D _WINDOWS /D _DEBUG /D _UNICODE /D UNICODE /D _AFXDLL /Gm /EHsc /RTC1 /MDd /GS /fp:precise /Zc:wchar_t /Zc:forScope /Yu"stdafx.h" /Fp"Debug\SecProGIS-LibClient.pch" /Fo"Debug\\" /Fd"Debug\vc110.pdb" /Gd /TP /analyze- /errorReport:prompt Archive.cpp ArchiveDlg.cpp
         ArchiveDlg.cpp
         Archive.cpp
     1>e:\secprogis_svn\项目成员\黄梦蝶\secprogis项目\secprogis-libclient515\archive\archive.cpp(81): warning C4244: “初始化”: 从“LONGLONG”转换到“int”，可能丢失数据
         正在生成代码...
     1>e:\secprogis_svn\项目成员\黄梦蝶\secprogis项目\secprogis-libclient515\archive\archivedlg.cpp(934): warning C4715: “CArchiveDlg::GetPlainDir”: 不是所有的控件路径都返回值
         所有输出均为最新。
       ResourceCompile:
         所有输出均为最新。
       Link:
         E:\VS2012\Microsoft Visual Studio 11.0\VC\bin\link.exe /ERRORREPORT:PROMPT /OUT:"E:\SecProGIS_SVN\项目成员\黄梦蝶\SecProGIS项目\SecProGIS-LibClient515\Debug\SecProGIS-LibClient.exe" /INCREMENTAL /NOLOGO /LIBPATH:..\Archive\mysql\lib /LIBPATH:..\Archive\OpenSSL\lib /LIBPATH:..\Archive\Msimg32\lib libmysql.lib libeay32.lib ssleay32.lib msimg32.lib /MANIFEST /MANIFESTUAC:"level='asInvoker' uiAccess='false'" /manifest:embed /manifestinput:"E:\VS2012\Microsoft Visual Studio 11.0\VC\Include\Manifest\dpiaware.manifest" /DEBUG /PDB:"E:\SecProGIS_SVN\项目成员\黄梦蝶\SecProGIS项目\SecProGIS-LibClient515\Debug\SecProGIS-LibClient.pdb" /SUBSYSTEM:WINDOWS /TLBID:1 /ENTRY:"wWinMainCRTStartup" /DYNAMICBASE /NXCOMPAT /IMPLIB:"E:\SecProGIS_SVN\项目成员\黄梦蝶\SecProGIS项目\SecProGIS-LibClient515\Debug\SecProGIS-LibClient.lib" /MACHINE:X86 Debug\Archive.res
         Debug\Archive.obj
         Debug\ArchiveDlg.obj
         Debug\AutoCombox1.obj
         Debug\base64.obj
         Debug\BWord.obj
         Debug\cJSON.obj
         Debug\DBTable.obj
         Debug\INTmysql.obj
         Debug\KM.obj
         Debug\ListCtrlSort.obj
         Debug\LoginDlg.obj
         Debug\sm3.obj
         Debug\sm4.obj
         Debug\stdafx.obj
         Debug\ViewDlg.obj
         Archive.vcxproj -> E:\SecProGIS_SVN\项目成员\黄梦蝶\SecProGIS项目\SecProGIS-LibClient515\Debug\SecProGIS-LibClient.exe
       FinalizeBuildStatus:
         正在删除文件“Debug\SecProGIS-LibClient.unsuccessfulbuild”。
         正在对“Debug\SecProGIS-LibClient.lastbuildstate”执行 Touch 任务。
     1>已完成生成项目“E:\SecProGIS_SVN\项目成员\黄梦蝶\SecProGIS项目\SecProGIS-LibClient515\Archive\Archive.vcxproj”(Build 个目标)的操作。

生成成功。

已用时间 00:00:21.70
