E:\ENCRYPTION\ARCHIVEADDMD5126\ARCHIVE\RELEASE\ARCHIVE.EXE.INTERMEDIATE.MANIFEST
E:\ENCRYPTION\ARCHIVEADDMD5126\ARCHIVE\RELEASE\ARCHIVE.OBJ
E:\ENCRYPTION\ARCHIVEADDMD5126\ARCHIVE\RELEASE\ARCHIVE.PCH
E:\ENCRYPTION\ARCHIVEADDMD5126\ARCHIVE\RELEASE\ARCHIVE.RES
E:\Encryption\ArchiveAddMD5126\Archive\Release\Archive.write.1.tlog
E:\ENCRYPTION\ARCHIVEADDMD5126\ARCHIVE\RELEASE\ARCHIVEDLG.OBJ
E:\ENCRYPTION\ARCHIVEADDMD5126\ARCHIVE\RELEASE\BWORD.OBJ
E:\Encryption\ArchiveAddMD5126\Archive\Release\cl.command.1.tlog
E:\Encryption\ArchiveAddMD5126\Archive\Release\CL.read.1.tlog
E:\Encryption\ArchiveAddMD5126\Archive\Release\CL.write.1.tlog
E:\ENCRYPTION\ARCHIVEADDMD5126\ARCHIVE\RELEASE\DBTABLE.OBJ
E:\ENCRYPTION\ARCHIVEADDMD5126\ARCHIVE\RELEASE\ENCRYPT.OBJ
E:\ENCRYPTION\ARCHIVEADDMD5126\ARCHIVE\RELEASE\INTMYSQL.OBJ
E:\ENCRYPTION\ARCHIVEADDMD5126\ARCHIVE\RELEASE\KM.OBJ
E:\Encryption\ArchiveAddMD5126\Archive\Release\link.command.1.tlog
E:\Encryption\ArchiveAddMD5126\Archive\Release\link.read.1.tlog
E:\Encryption\ArchiveAddMD5126\Archive\Release\link.write.1.tlog
E:\Encryption\ArchiveAddMD5126\Archive\Release\link-cvtres.read.1.tlog
E:\Encryption\ArchiveAddMD5126\Archive\Release\link-cvtres.write.1.tlog
E:\ENCRYPTION\ARCHIVEADDMD5126\ARCHIVE\RELEASE\LISTCTRLSORT.OBJ
E:\ENCRYPTION\ARCHIVEADDMD5126\ARCHIVE\RELEASE\LOGINDLG.OBJ
E:\Encryption\ArchiveAddMD5126\Archive\Release\mt.command.1.tlog
E:\Encryption\ArchiveAddMD5126\Archive\Release\mt.read.1.tlog
E:\Encryption\ArchiveAddMD5126\Archive\Release\mt.write.1.tlog
E:\Encryption\ArchiveAddMD5126\Archive\Release\rc.command.1.tlog
E:\Encryption\ArchiveAddMD5126\Archive\Release\rc.read.1.tlog
E:\Encryption\ArchiveAddMD5126\Archive\Release\rc.write.1.tlog
E:\ENCRYPTION\ARCHIVEADDMD5126\ARCHIVE\RELEASE\SM3.OBJ
E:\ENCRYPTION\ARCHIVEADDMD5126\ARCHIVE\RELEASE\STDAFX.OBJ
E:\ENCRYPTION\ARCHIVEADDMD5126\ARCHIVE\RELEASE\VC100.PDB
E:\ENCRYPTION\ARCHIVEADDMD5126\ARCHIVE\RELEASE\VIEWDLG.OBJ
E:\ENCRYPTION\ARCHIVEADDMD5126\RELEASE\ARCHIVE.EXE
E:\ENCRYPTION\ARCHIVEADDMD5126\RELEASE\ARCHIVE.PDB
