E:\SECPROGIS_SVN\项目成员\黄梦蝶\SECPROGIS项目\SECPROGIS-LIBCLIENT515\ARCHIVE\RELEASE\SECPROGIS-LIBCLIENT.PCH
E:\SECPROGIS_SVN\项目成员\黄梦蝶\SECPROGIS项目\SECPROGIS-LIBCLIENT515\ARCHIVE\RELEASE\SECPROGIS-LIBCLIENT.PCHAST
E:\SECPROGIS_SVN\项目成员\黄梦蝶\SECPROGIS项目\SECPROGIS-LIBCLIENT515\ARCHIVE\RELEASE\STDAFX.CPP.NATIVECODEANALYSIS.XML
E:\SECPROGIS_SVN\项目成员\黄梦蝶\SECPROGIS项目\SECPROGIS-LIBCLIENT515\ARCHIVE\RELEASE\STDAFX.OBJ
E:\SECPROGIS_SVN\项目成员\黄梦蝶\SECPROGIS项目\SECPROGIS-LIBCLIENT515\ARCHIVE\RELEASE\VC110.PDB
E:\SECPROGIS_SVN\项目成员\黄梦蝶\SECPROGIS项目\SECPROGIS-LIBCLIENT515\ARCHIVE\RELEASE\ARCHIVEDLG.CPP.NATIVECODEANALYSIS.XML
E:\SECPROGIS_SVN\项目成员\黄梦蝶\SECPROGIS项目\SECPROGIS-LIBCLIENT515\ARCHIVE\RELEASE\ARCHIVEDLG.OBJ
E:\SECPROGIS_SVN\项目成员\黄梦蝶\SECPROGIS项目\SECPROGIS-LIBCLIENT515\ARCHIVE\RELEASE\AUTOCOMBOX1.CPP.NATIVECODEANALYSIS.XML
E:\SECPROGIS_SVN\项目成员\黄梦蝶\SECPROGIS项目\SECPROGIS-LIBCLIENT515\ARCHIVE\RELEASE\AUTOCOMBOX1.OBJ
E:\SECPROGIS_SVN\项目成员\黄梦蝶\SECPROGIS项目\SECPROGIS-LIBCLIENT515\ARCHIVE\RELEASE\BASE64.CPP.NATIVECODEANALYSIS.XML
E:\SECPROGIS_SVN\项目成员\黄梦蝶\SECPROGIS项目\SECPROGIS-LIBCLIENT515\ARCHIVE\RELEASE\BASE64.OBJ
E:\SECPROGIS_SVN\项目成员\黄梦蝶\SECPROGIS项目\SECPROGIS-LIBCLIENT515\ARCHIVE\RELEASE\BWORD.CPP.NATIVECODEANALYSIS.XML
E:\SECPROGIS_SVN\项目成员\黄梦蝶\SECPROGIS项目\SECPROGIS-LIBCLIENT515\ARCHIVE\RELEASE\BWORD.OBJ
E:\SECPROGIS_SVN\项目成员\黄梦蝶\SECPROGIS项目\SECPROGIS-LIBCLIENT515\ARCHIVE\RELEASE\CJSON.C.NATIVECODEANALYSIS.XML
E:\SECPROGIS_SVN\项目成员\黄梦蝶\SECPROGIS项目\SECPROGIS-LIBCLIENT515\ARCHIVE\RELEASE\CJSON.OBJ
E:\SECPROGIS_SVN\项目成员\黄梦蝶\SECPROGIS项目\SECPROGIS-LIBCLIENT515\ARCHIVE\RELEASE\DBTABLE.CPP.NATIVECODEANALYSIS.XML
E:\SECPROGIS_SVN\项目成员\黄梦蝶\SECPROGIS项目\SECPROGIS-LIBCLIENT515\ARCHIVE\RELEASE\DBTABLE.OBJ
E:\SECPROGIS_SVN\项目成员\黄梦蝶\SECPROGIS项目\SECPROGIS-LIBCLIENT515\ARCHIVE\RELEASE\INTMYSQL.CPP.NATIVECODEANALYSIS.XML
E:\SECPROGIS_SVN\项目成员\黄梦蝶\SECPROGIS项目\SECPROGIS-LIBCLIENT515\ARCHIVE\RELEASE\INTMYSQL.OBJ
E:\SECPROGIS_SVN\项目成员\黄梦蝶\SECPROGIS项目\SECPROGIS-LIBCLIENT515\ARCHIVE\RELEASE\KM.CPP.NATIVECODEANALYSIS.XML
E:\SECPROGIS_SVN\项目成员\黄梦蝶\SECPROGIS项目\SECPROGIS-LIBCLIENT515\ARCHIVE\RELEASE\KM.OBJ
E:\SECPROGIS_SVN\项目成员\黄梦蝶\SECPROGIS项目\SECPROGIS-LIBCLIENT515\ARCHIVE\RELEASE\LISTCTRLSORT.CPP.NATIVECODEANALYSIS.XML
E:\SECPROGIS_SVN\项目成员\黄梦蝶\SECPROGIS项目\SECPROGIS-LIBCLIENT515\ARCHIVE\RELEASE\LISTCTRLSORT.OBJ
E:\SECPROGIS_SVN\项目成员\黄梦蝶\SECPROGIS项目\SECPROGIS-LIBCLIENT515\ARCHIVE\RELEASE\LOGINDLG.CPP.NATIVECODEANALYSIS.XML
E:\SECPROGIS_SVN\项目成员\黄梦蝶\SECPROGIS项目\SECPROGIS-LIBCLIENT515\ARCHIVE\RELEASE\LOGINDLG.OBJ
E:\SECPROGIS_SVN\项目成员\黄梦蝶\SECPROGIS项目\SECPROGIS-LIBCLIENT515\ARCHIVE\RELEASE\SM3.CPP.NATIVECODEANALYSIS.XML
E:\SECPROGIS_SVN\项目成员\黄梦蝶\SECPROGIS项目\SECPROGIS-LIBCLIENT515\ARCHIVE\RELEASE\SM3.OBJ
E:\SECPROGIS_SVN\项目成员\黄梦蝶\SECPROGIS项目\SECPROGIS-LIBCLIENT515\ARCHIVE\RELEASE\SM4.CPP.NATIVECODEANALYSIS.XML
E:\SECPROGIS_SVN\项目成员\黄梦蝶\SECPROGIS项目\SECPROGIS-LIBCLIENT515\ARCHIVE\RELEASE\SM4.OBJ
E:\SECPROGIS_SVN\项目成员\黄梦蝶\SECPROGIS项目\SECPROGIS-LIBCLIENT515\ARCHIVE\RELEASE\VIEWDLG.CPP.NATIVECODEANALYSIS.XML
E:\SECPROGIS_SVN\项目成员\黄梦蝶\SECPROGIS项目\SECPROGIS-LIBCLIENT515\ARCHIVE\RELEASE\VIEWDLG.OBJ
E:\SECPROGIS_SVN\项目成员\黄梦蝶\SECPROGIS项目\SECPROGIS-LIBCLIENT515\ARCHIVE\RELEASE\ARCHIVE.CPP.NATIVECODEANALYSIS.XML
E:\SECPROGIS_SVN\项目成员\黄梦蝶\SECPROGIS项目\SECPROGIS-LIBCLIENT515\ARCHIVE\RELEASE\ARCHIVE.OBJ
E:\SECPROGIS_SVN\项目成员\黄梦蝶\SECPROGIS项目\SECPROGIS-LIBCLIENT515\RELEASE\SECPROGIS-LIBCLIENT.EXE
E:\SECPROGIS_SVN\项目成员\黄梦蝶\SECPROGIS项目\SECPROGIS-LIBCLIENT515\RELEASE\SECPROGIS-LIBCLIENT.PDB
E:\SECPROGIS_SVN\项目成员\黄梦蝶\SECPROGIS项目\SECPROGIS-LIBCLIENT515\ARCHIVE\RELEASE\ARCHIVE.RES
E:\SecProGIS_SVN\项目成员\黄梦蝶\SecProGIS项目\SecProGIS-LibClient515\Release\SecProGIS-LibClient.lib
E:\SecProGIS_SVN\项目成员\黄梦蝶\SecProGIS项目\SecProGIS-LibClient515\Release\SecProGIS-LibClient.exp
E:\SecProGIS_SVN\项目成员\黄梦蝶\SecProGIS项目\SecProGIS-LibClient515\Archive\Release\Archive.obj
E:\SecProGIS_SVN\项目成员\黄梦蝶\SecProGIS项目\SecProGIS-LibClient515\Archive\Release\ArchiveDlg.obj
E:\SecProGIS_SVN\项目成员\黄梦蝶\SecProGIS项目\SecProGIS-LibClient515\Archive\Release\AutoCombox1.obj
E:\SecProGIS_SVN\项目成员\黄梦蝶\SecProGIS项目\SecProGIS-LibClient515\Archive\Release\base64.obj
E:\SecProGIS_SVN\项目成员\黄梦蝶\SecProGIS项目\SecProGIS-LibClient515\Archive\Release\BWord.obj
E:\SecProGIS_SVN\项目成员\黄梦蝶\SecProGIS项目\SecProGIS-LibClient515\Archive\Release\cJSON.obj
E:\SecProGIS_SVN\项目成员\黄梦蝶\SecProGIS项目\SecProGIS-LibClient515\Archive\Release\DBTable.obj
E:\SecProGIS_SVN\项目成员\黄梦蝶\SecProGIS项目\SecProGIS-LibClient515\Archive\Release\INTmysql.obj
E:\SecProGIS_SVN\项目成员\黄梦蝶\SecProGIS项目\SecProGIS-LibClient515\Archive\Release\KM.obj
E:\SecProGIS_SVN\项目成员\黄梦蝶\SecProGIS项目\SecProGIS-LibClient515\Archive\Release\ListCtrlSort.obj
E:\SecProGIS_SVN\项目成员\黄梦蝶\SecProGIS项目\SecProGIS-LibClient515\Archive\Release\LoginDlg.obj
E:\SecProGIS_SVN\项目成员\黄梦蝶\SecProGIS项目\SecProGIS-LibClient515\Archive\Release\sm3.obj
E:\SecProGIS_SVN\项目成员\黄梦蝶\SecProGIS项目\SecProGIS-LibClient515\Archive\Release\sm4.obj
E:\SecProGIS_SVN\项目成员\黄梦蝶\SecProGIS项目\SecProGIS-LibClient515\Archive\Release\stdafx.obj
E:\SecProGIS_SVN\项目成员\黄梦蝶\SecProGIS项目\SecProGIS-LibClient515\Archive\Release\ViewDlg.obj
E:\SecProGIS_SVN\项目成员\黄梦蝶\SecProGIS项目\SecProGIS-LibClient515\Archive\Release\cl.command.1.tlog
E:\SecProGIS_SVN\项目成员\黄梦蝶\SecProGIS项目\SecProGIS-LibClient515\Archive\Release\CL.read.1.tlog
E:\SecProGIS_SVN\项目成员\黄梦蝶\SecProGIS项目\SecProGIS-LibClient515\Archive\Release\CL.read.12.tlog
E:\SecProGIS_SVN\项目成员\黄梦蝶\SecProGIS项目\SecProGIS-LibClient515\Archive\Release\CL.write.1.tlog
E:\SecProGIS_SVN\项目成员\黄梦蝶\SecProGIS项目\SecProGIS-LibClient515\Archive\Release\link-cvtres.read.1.tlog
E:\SecProGIS_SVN\项目成员\黄梦蝶\SecProGIS项目\SecProGIS-LibClient515\Archive\Release\link-cvtres.write.1.tlog
E:\SecProGIS_SVN\项目成员\黄梦蝶\SecProGIS项目\SecProGIS-LibClient515\Archive\Release\link-mt.read.1.tlog
E:\SecProGIS_SVN\项目成员\黄梦蝶\SecProGIS项目\SecProGIS-LibClient515\Archive\Release\link-mt.write.1.tlog
E:\SecProGIS_SVN\项目成员\黄梦蝶\SecProGIS项目\SecProGIS-LibClient515\Archive\Release\link-rc.read.1.tlog
E:\SecProGIS_SVN\项目成员\黄梦蝶\SecProGIS项目\SecProGIS-LibClient515\Archive\Release\link-rc.write.1.tlog
E:\SecProGIS_SVN\项目成员\黄梦蝶\SecProGIS项目\SecProGIS-LibClient515\Archive\Release\link.command.1.tlog
E:\SecProGIS_SVN\项目成员\黄梦蝶\SecProGIS项目\SecProGIS-LibClient515\Archive\Release\link.read.1.tlog
E:\SecProGIS_SVN\项目成员\黄梦蝶\SecProGIS项目\SecProGIS-LibClient515\Archive\Release\link.read.3.tlog
E:\SecProGIS_SVN\项目成员\黄梦蝶\SecProGIS项目\SecProGIS-LibClient515\Archive\Release\link.read.4.tlog
E:\SecProGIS_SVN\项目成员\黄梦蝶\SecProGIS项目\SecProGIS-LibClient515\Archive\Release\link.write.1.tlog
E:\SecProGIS_SVN\项目成员\黄梦蝶\SecProGIS项目\SecProGIS-LibClient515\Archive\Release\NativeCodeAnalysis.read.1.tlog
E:\SecProGIS_SVN\项目成员\黄梦蝶\SecProGIS项目\SecProGIS-LibClient515\Archive\Release\rc.command.1.tlog
E:\SecProGIS_SVN\项目成员\黄梦蝶\SecProGIS项目\SecProGIS-LibClient515\Archive\Release\rc.read.1.tlog
E:\SecProGIS_SVN\项目成员\黄梦蝶\SecProGIS项目\SecProGIS-LibClient515\Archive\Release\rc.write.1.tlog
E:\SecProGIS_SVN\项目成员\黄梦蝶\SecProGIS项目\SecProGIS-LibClient515\Archive\Release\SecProGIS-LibClient.write.1.tlog
E:\SecProGIS_SVN\项目成员\黄梦蝶\SecProGIS项目\SecProGIS-LibClient515\Archive\Release\Archive.res
E:\SecProGIS_SVN\项目成员\黄梦蝶\SecProGIS项目\SecProGIS-LibClient515\Archive\Release\SecProGIS-LibClient.pch
E:\SecProGIS_SVN\项目成员\黄梦蝶\SecProGIS项目\SecProGIS-LibClient515\Archive\Release\vc110.pdb
E:\SecProGIS_SVN\项目成员\黄梦蝶\SecProGIS项目\SecProGIS-LibClient515\Archive\Release\Archive.cpp.nativecodeanalysis.xml
E:\SecProGIS_SVN\项目成员\黄梦蝶\SecProGIS项目\SecProGIS-LibClient515\Archive\Release\ArchiveDlg.cpp.nativecodeanalysis.xml
E:\SecProGIS_SVN\项目成员\黄梦蝶\SecProGIS项目\SecProGIS-LibClient515\Archive\Release\AutoCombox1.cpp.nativecodeanalysis.xml
E:\SecProGIS_SVN\项目成员\黄梦蝶\SecProGIS项目\SecProGIS-LibClient515\Archive\Release\base64.cpp.nativecodeanalysis.xml
E:\SecProGIS_SVN\项目成员\黄梦蝶\SecProGIS项目\SecProGIS-LibClient515\Archive\Release\BWord.cpp.nativecodeanalysis.xml
E:\SecProGIS_SVN\项目成员\黄梦蝶\SecProGIS项目\SecProGIS-LibClient515\Archive\Release\cJSON.c.nativecodeanalysis.xml
E:\SecProGIS_SVN\项目成员\黄梦蝶\SecProGIS项目\SecProGIS-LibClient515\Archive\Release\DBTable.cpp.nativecodeanalysis.xml
E:\SecProGIS_SVN\项目成员\黄梦蝶\SecProGIS项目\SecProGIS-LibClient515\Archive\Release\INTmysql.cpp.nativecodeanalysis.xml
E:\SecProGIS_SVN\项目成员\黄梦蝶\SecProGIS项目\SecProGIS-LibClient515\Archive\Release\KM.cpp.nativecodeanalysis.xml
E:\SecProGIS_SVN\项目成员\黄梦蝶\SecProGIS项目\SecProGIS-LibClient515\Archive\Release\ListCtrlSort.cpp.nativecodeanalysis.xml
E:\SecProGIS_SVN\项目成员\黄梦蝶\SecProGIS项目\SecProGIS-LibClient515\Archive\Release\LoginDlg.cpp.nativecodeanalysis.xml
E:\SecProGIS_SVN\项目成员\黄梦蝶\SecProGIS项目\SecProGIS-LibClient515\Archive\Release\sm3.cpp.nativecodeanalysis.xml
E:\SecProGIS_SVN\项目成员\黄梦蝶\SecProGIS项目\SecProGIS-LibClient515\Archive\Release\sm4.cpp.nativecodeanalysis.xml
E:\SecProGIS_SVN\项目成员\黄梦蝶\SecProGIS项目\SecProGIS-LibClient515\Archive\Release\stdafx.cpp.nativecodeanalysis.xml
E:\SecProGIS_SVN\项目成员\黄梦蝶\SecProGIS项目\SecProGIS-LibClient515\Archive\Release\vc.nativecodeanalysis.all.xml
E:\SecProGIS_SVN\项目成员\黄梦蝶\SecProGIS项目\SecProGIS-LibClient515\Archive\Release\ViewDlg.cpp.nativecodeanalysis.xml
E:\SecProGIS_SVN\项目成员\黄梦蝶\SecProGIS项目\SecProGIS-LibClient515\Release\SecProGIS-LibClient.pdb
E:\SecProGIS_SVN\项目成员\黄梦蝶\SecProGIS项目\SecProGIS-LibClient515\Release\SecProGIS-LibClient.exe
E:\SecProGIS_SVN\项目成员\黄梦蝶\SecProGIS项目\SecProGIS-LibClient515\Release\SecProGIS-LibClient.exe.lastcodeanalysissucceeded
